<?xml version="1.0" encoding="UTF-8"?>
<!-- Generated by org.testng.reporters.JUnitReportReporter -->
<testsuite hostname="Sammy" failures="0" tests="3" name="files.DynamicJson" time="5.593" errors="0" timestamp="2022-03-25T17:35:13 WAT" skipped="0">
  <testcase classname="files.DynamicJson" name="addBook" time="3.989"/>
  <system-out/>
  <testcase classname="files.DynamicJson" name="addBook" time="0.625"/>
  <system-out/>
  <testcase classname="files.DynamicJson" name="addBook" time="0.979"/>
  <system-out/>
</testsuite> <!-- files.DynamicJson -->
