<?xml version="1.0" encoding="UTF-8"?>
<!-- Generated by org.testng.reporters.JUnitReportReporter -->
<testsuite hostname="Sammy" failures="0" tests="1" name="SumValidation" time="2.237" errors="0" timestamp="2022-03-20T08:42:08 WAT" skipped="0">
  <testcase classname="SumValidation" name="sumOfCourses" time="2.237"/>
  <system-out/>
</testsuite> <!-- SumValidation -->
