<?xml version="1.0" encoding="UTF-8"?>
<!-- Generated by org.testng.reporters.JUnitReportReporter -->
<testsuite hostname="Sammy" failures="0" tests="1" name="test.day2" time="0.002" errors="0" timestamp="2022-04-16T22:25:21 WAT" skipped="0">
  <testcase classname="test.day2" name="ploan" time="0.002"/>
  <system-out/>
</testsuite> <!-- test.day2 -->
