<?xml version="1.0" encoding="UTF-8"?>
<!-- Generated by org.testng.reporters.JUnitReportReporter -->
<testsuite hostname="Sammy" failures="0" tests="1" name="test.day1" time="0.014" errors="0" timestamp="2022-04-16T20:04:08 WAT" skipped="0">
  <testcase classname="test.day1" name="Demo" time="0.014"/>
  <system-out/>
</testsuite> <!-- test.day1 -->
