<?xml version="1.0" encoding="UTF-8"?>
<!-- Generated by org.testng.reporters.JUnitReportReporter -->
<testsuite hostname="Sammy" failures="0" tests="3" name="test.day3" time="0.006" errors="0" timestamp="2022-04-16T22:25:21 WAT" skipped="0">
  <testcase classname="test.day3" name="MobileloginCarLoan" time="0.003"/>
  <system-out/>
  <testcase classname="test.day3" name="WebloginCarLoan" time="0.002"/>
  <system-out/>
  <testcase classname="test.day3" name="APIloginCarLoan" time="0.001"/>
  <system-out/>
</testsuite> <!-- test.day3 -->
